<?xml version="1.0" encoding="UTF-8"?>
<testsuite name="com.avrgaming.civcraft.unittests.TestMultiInventory" tests="1" skipped="0" failures="0" errors="0" timestamp="2025-09-07T09:04:20.911Z" hostname="DESKTOP-R2Q79GI" time="0.655">
  <properties/>
  <testcase name="addSingleItemToInventory" classname="com.avrgaming.civcraft.unittests.TestMultiInventory" time="0.655"/>
  <system-out><![CDATA[]]></system-out>
  <system-err><![CDATA[]]></system-err>
</testsuite>
